<?xml version="1.0" encoding="UTF-8"?>
<testsuites name="Jest Tests" tests="95" failures="43" time="0">
  <testsuite name="unit" tests="20" failures="0" skipped="0" time="0" timestamp="2025-08-09T15:46:45.530Z">
    <testcase classname="unit" name="test-1" time="0"/>
    <testcase classname="unit" name="test-2" time="0"/>
    <testcase classname="unit" name="test-3" time="0"/>
    <testcase classname="unit" name="test-4" time="0"/>
    <testcase classname="unit" name="test-5" time="0"/>
    <testcase classname="unit" name="test-6" time="0"/>
    <testcase classname="unit" name="test-7" time="0"/>
    <testcase classname="unit" name="test-8" time="0"/>
    <testcase classname="unit" name="test-9" time="0"/>
    <testcase classname="unit" name="test-10" time="0"/>
    <testcase classname="unit" name="test-11" time="0"/>
    <testcase classname="unit" name="test-12" time="0"/>
    <testcase classname="unit" name="test-13" time="0"/>
    <testcase classname="unit" name="test-14" time="0"/>
    <testcase classname="unit" name="test-15" time="0"/>
    <testcase classname="unit" name="test-16" time="0"/>
    <testcase classname="unit" name="test-17" time="0"/>
    <testcase classname="unit" name="test-18" time="0"/>
    <testcase classname="unit" name="test-19" time="0"/>
    <testcase classname="unit" name="test-20" time="0"/>
    <system-out><![CDATA[

&gt; next-netlify-platform-starter@0.1.0 test:unit
&gt; jest --testPathPattern=tests/unit --json --outputFile /home/robo/code/www.spaghettis/test-reports/unit-results.json --testLocationInResults


]]></system-out>
    <system-err><![CDATA[
(node:88246) [DEP0040] DeprecationWarning: The `punycode` module is deprecated. Please use a userland alternative instead.
(Use `node --trace-deprecation ...` to show where the warning was created)
PASS tests/unit/baseline.test.js
(node:88240) [DEP0040] DeprecationWarning: The `punycode` module is deprecated. Please use a userland alternative instead.
(Use `node --trace-deprecation ...` to show where the warning was created)
PASS tests/unit/pricing.enhanced.test.js
(node:88252) [DEP0040] DeprecationWarning: The `punycode` module is deprecated. Please use a userland alternative instead.
(Use `node --trace-deprecation ...` to show where the warning was created)
PASS tests/unit/utils.test.js
(node:88258) [DEP0040] DeprecationWarning: The `punycode` module is deprecated. Please use a userland alternative instead.
(Use `node --trace-deprecation ...` to show where the warning was created)
PASS tests/unit/getMenuItems.test.js
(node:88239) [DEP0040] DeprecationWarning: The `punycode` module is
]]></system-err>
  </testsuite>
  <testsuite name="component" tests="71" failures="43" skipped="0" time="0" timestamp="2025-08-09T15:46:45.531Z">
    <testcase classname="component" name="test-1" time="0"/>
    <testcase classname="component" name="test-2" time="0"/>
    <testcase classname="component" name="test-3" time="0"/>
    <testcase classname="component" name="test-4" time="0"/>
    <testcase classname="component" name="test-5" time="0"/>
    <testcase classname="component" name="test-6" time="0"/>
    <testcase classname="component" name="test-7" time="0"/>
    <testcase classname="component" name="test-8" time="0"/>
    <testcase classname="component" name="test-9" time="0"/>
    <testcase classname="component" name="test-10" time="0"/>
    <testcase classname="component" name="test-11" time="0"/>
    <testcase classname="component" name="test-12" time="0"/>
    <testcase classname="component" name="test-13" time="0"/>
    <testcase classname="component" name="test-14" time="0"/>
    <testcase classname="component" name="test-15" time="0"/>
    <testcase classname="component" name="test-16" time="0"/>
    <testcase classname="component" name="test-17" time="0"/>
    <testcase classname="component" name="test-18" time="0"/>
    <testcase classname="component" name="test-19" time="0"/>
    <testcase classname="component" name="test-20" time="0"/>
    <testcase classname="component" name="test-21" time="0"/>
    <testcase classname="component" name="test-22" time="0"/>
    <testcase classname="component" name="test-23" time="0"/>
    <testcase classname="component" name="test-24" time="0"/>
    <testcase classname="component" name="test-25" time="0"/>
    <testcase classname="component" name="test-26" time="0"/>
    <testcase classname="component" name="test-27" time="0"/>
    <testcase classname="component" name="test-28" time="0"/>
    <testcase classname="component" name="failed-test-1" time="0">
      <failure message="Test failed" type="TestFailure">
        Test case failed during execution
      </failure>
    </testcase>
    <testcase classname="component" name="failed-test-2" time="0">
      <failure message="Test failed" type="TestFailure">
        Test case failed during execution
      </failure>
    </testcase>
    <testcase classname="component" name="failed-test-3" time="0">
      <failure message="Test failed" type="TestFailure">
        Test case failed during execution
      </failure>
    </testcase>
    <testcase classname="component" name="failed-test-4" time="0">
      <failure message="Test failed" type="TestFailure">
        Test case failed during execution
      </failure>
    </testcase>
    <testcase classname="component" name="failed-test-5" time="0">
      <failure message="Test failed" type="TestFailure">
        Test case failed during execution
      </failure>
    </testcase>
    <testcase classname="component" name="failed-test-6" time="0">
      <failure message="Test failed" type="TestFailure">
        Test case failed during execution
      </failure>
    </testcase>
    <testcase classname="component" name="failed-test-7" time="0">
      <failure message="Test failed" type="TestFailure">
        Test case failed during execution
      </failure>
    </testcase>
    <testcase classname="component" name="failed-test-8" time="0">
      <failure message="Test failed" type="TestFailure">
        Test case failed during execution
      </failure>
    </testcase>
    <testcase classname="component" name="failed-test-9" time="0">
      <failure message="Test failed" type="TestFailure">
        Test case failed during execution
      </failure>
    </testcase>
    <testcase classname="component" name="failed-test-10" time="0">
      <failure message="Test failed" type="TestFailure">
        Test case failed during execution
      </failure>
    </testcase>
    <testcase classname="component" name="failed-test-11" time="0">
      <failure message="Test failed" type="TestFailure">
        Test case failed during execution
      </failure>
    </testcase>
    <testcase classname="component" name="failed-test-12" time="0">
      <failure message="Test failed" type="TestFailure">
        Test case failed during execution
      </failure>
    </testcase>
    <testcase classname="component" name="failed-test-13" time="0">
      <failure message="Test failed" type="TestFailure">
        Test case failed during execution
      </failure>
    </testcase>
    <testcase classname="component" name="failed-test-14" time="0">
      <failure message="Test failed" type="TestFailure">
        Test case failed during execution
      </failure>
    </testcase>
    <testcase classname="component" name="failed-test-15" time="0">
      <failure message="Test failed" type="TestFailure">
        Test case failed during execution
      </failure>
    </testcase>
    <testcase classname="component" name="failed-test-16" time="0">
      <failure message="Test failed" type="TestFailure">
        Test case failed during execution
      </failure>
    </testcase>
    <testcase classname="component" name="failed-test-17" time="0">
      <failure message="Test failed" type="TestFailure">
        Test case failed during execution
      </failure>
    </testcase>
    <testcase classname="component" name="failed-test-18" time="0">
      <failure message="Test failed" type="TestFailure">
        Test case failed during execution
      </failure>
    </testcase>
    <testcase classname="component" name="failed-test-19" time="0">
      <failure message="Test failed" type="TestFailure">
        Test case failed during execution
      </failure>
    </testcase>
    <testcase classname="component" name="failed-test-20" time="0">
      <failure message="Test failed" type="TestFailure">
        Test case failed during execution
      </failure>
    </testcase>
    <testcase classname="component" name="failed-test-21" time="0">
      <failure message="Test failed" type="TestFailure">
        Test case failed during execution
      </failure>
    </testcase>
    <testcase classname="component" name="failed-test-22" time="0">
      <failure message="Test failed" type="TestFailure">
        Test case failed during execution
      </failure>
    </testcase>
    <testcase classname="component" name="failed-test-23" time="0">
      <failure message="Test failed" type="TestFailure">
        Test case failed during execution
      </failure>
    </testcase>
    <testcase classname="component" name="failed-test-24" time="0">
      <failure message="Test failed" type="TestFailure">
        Test case failed during execution
      </failure>
    </testcase>
    <testcase classname="component" name="failed-test-25" time="0">
      <failure message="Test failed" type="TestFailure">
        Test case failed during execution
      </failure>
    </testcase>
    <testcase classname="component" name="failed-test-26" time="0">
      <failure message="Test failed" type="TestFailure">
        Test case failed during execution
      </failure>
    </testcase>
    <testcase classname="component" name="failed-test-27" time="0">
      <failure message="Test failed" type="TestFailure">
        Test case failed during execution
      </failure>
    </testcase>
    <testcase classname="component" name="failed-test-28" time="0">
      <failure message="Test failed" type="TestFailure">
        Test case failed during execution
      </failure>
    </testcase>
    <testcase classname="component" name="failed-test-29" time="0">
      <failure message="Test failed" type="TestFailure">
        Test case failed during execution
      </failure>
    </testcase>
    <testcase classname="component" name="failed-test-30" time="0">
      <failure message="Test failed" type="TestFailure">
        Test case failed during execution
      </failure>
    </testcase>
    <testcase classname="component" name="failed-test-31" time="0">
      <failure message="Test failed" type="TestFailure">
        Test case failed during execution
      </failure>
    </testcase>
    <testcase classname="component" name="failed-test-32" time="0">
      <failure message="Test failed" type="TestFailure">
        Test case failed during execution
      </failure>
    </testcase>
    <testcase classname="component" name="failed-test-33" time="0">
      <failure message="Test failed" type="TestFailure">
        Test case failed during execution
      </failure>
    </testcase>
    <testcase classname="component" name="failed-test-34" time="0">
      <failure message="Test failed" type="TestFailure">
        Test case failed during execution
      </failure>
    </testcase>
    <testcase classname="component" name="failed-test-35" time="0">
      <failure message="Test failed" type="TestFailure">
        Test case failed during execution
      </failure>
    </testcase>
    <testcase classname="component" name="failed-test-36" time="0">
      <failure message="Test failed" type="TestFailure">
        Test case failed during execution
      </failure>
    </testcase>
    <testcase classname="component" name="failed-test-37" time="0">
      <failure message="Test failed" type="TestFailure">
        Test case failed during execution
      </failure>
    </testcase>
    <testcase classname="component" name="failed-test-38" time="0">
      <failure message="Test failed" type="TestFailure">
        Test case failed during execution
      </failure>
    </testcase>
    <testcase classname="component" name="failed-test-39" time="0">
      <failure message="Test failed" type="TestFailure">
        Test case failed during execution
      </failure>
    </testcase>
    <testcase classname="component" name="failed-test-40" time="0">
      <failure message="Test failed" type="TestFailure">
        Test case failed during execution
      </failure>
    </testcase>
    <testcase classname="component" name="failed-test-41" time="0">
      <failure message="Test failed" type="TestFailure">
        Test case failed during execution
      </failure>
    </testcase>
    <testcase classname="component" name="failed-test-42" time="0">
      <failure message="Test failed" type="TestFailure">
        Test case failed during execution
      </failure>
    </testcase>
    <testcase classname="component" name="failed-test-43" time="0">
      <failure message="Test failed" type="TestFailure">
        Test case failed during execution
      </failure>
    </testcase>
    <system-out><![CDATA[

&gt; next-netlify-platform-starter@0.1.0 test:component
&gt; jest --testPathPattern=tests/components --json --outputFile /home/robo/code/www.spaghettis/test-reports/component-results.json --testLocationInResults


]]></system-out>
    <system-err><![CDATA[
(node:88407) [DEP0040] DeprecationWarning: The `punycode` module is deprecated. Please use a userland alternative instead.
(Use `node --trace-deprecation ...` to show where the warning was created)
FAIL tests/components/PriceDisplay.enhanced.test.jsx
  ● PriceDisplay › displays formatted price

    TestingLibraryElementError: Unable to find an element with the text: $15.75. This could be because the text is broken up by multiple elements. In this case, you can provide a function for your text matcher to make your matcher more flexible.

    Ignored nodes: comments, script, style
    [36m&lt;body&gt;[39m
      [36m&lt;div&gt;[39m
        [36m&lt;div[39m
          [33maria-live[39m=[32m&quot;polite&quot;[39m
          [33mclass[39m=[32m&quot;priceContainer&quot;[39m
          [33mrole[39m=[32m&quot;status&quot;[39m
        [36m&gt;[39m
          [36m&lt;div[39m
            [33mclass[39m=[32m&quot;priceLabel&quot;[39m
          [36m&gt;[39m
            [0mTotal Price:[0m
          [36m&lt;/div&gt;[39m
          [36m&lt;div[39m
]]></system-err>
  </testsuite>
  <testsuite name="integration" tests="4" failures="0" skipped="0" time="0" timestamp="2025-08-09T15:46:45.531Z">
    <testcase classname="integration" name="test-1" time="0"/>
    <testcase classname="integration" name="test-2" time="0"/>
    <testcase classname="integration" name="test-3" time="0"/>
    <testcase classname="integration" name="test-4" time="0"/>
    <system-out><![CDATA[

&gt; next-netlify-platform-starter@0.1.0 test:integration
&gt; jest --testPathPattern=tests/integration --runInBand --json --outputFile /home/robo/code/www.spaghettis/test-reports/integration-results.json --testLocationInResults


]]></system-out>
    <system-err><![CDATA[
(node:88550) [DEP0040] DeprecationWarning: The `punycode` module is deprecated. Please use a userland alternative instead.
(Use `node --trace-deprecation ...` to show where the warning was created)
PASS tests/integration/menu-api.test.js
  Menu API Integration
    Menu Items Retrieval
      ✓ retrieves all menu items (10 ms)
      ✓ filters items by category (2 ms)
    Error Scenarios
      ✓ handles invalid category gracefully (1 ms)
      ✓ handles database connection errors (4 ms)

Test Suites: 1 passed, 1 total
Tests:       4 passed, 4 total
Snapshots:   0 total
Time:        0.976 s, estimated 1 s
Ran all test suites matching /tests\/integration/i.
Test results written to: test-reports/integration-results.json

]]></system-err>
  </testsuite>
</testsuites>
